<?xml version="1.0" encoding="UTF-8" ?>
<testsuite tests="2" failures="1" name="com.mycompany.laboratorio6.Exercicio1_TG2Test" time="0.004" errors="0" skipped="0">
  <properties>
[...]
</properties>
  <testcase classname="com.mycompany.laboratorio6.Exercicio1_TG2Test" name="com.mycompany.laboratorio6.Exercicio1_TG2Test.testEmprestimoValido" time="0.004">
    <failure message="Not supported yet." type="java.lang.UnsupportedOperationException">java.lang.UnsupportedOperationException: Not supported yet.
	at com.mycompany.laboratorio6.Exercicio1_TG2.aprovaEmprestimo(Exercicio1_TG2.java:15)
	at com.mycompany.laboratorio6.Exercicio1_TG2Test.testEmprestimoValido(Exercicio1_TG2Test.java:29)
</failure>
    <system-out>Teste do Emprestimo VALIDO
</system-out>
  </testcase>
  <testcase classname="com.mycompany.laboratorio6.Exercicio1_TG2Test" name="com.mycompany.laboratorio6.Exercicio1_TG2Test.testEmprestimoInvalido" time="0"/>
</testsuite>